<?xml version="1.0" encoding="UTF-8"?>
<!-- Generated by org.testng.reporters.JUnitReportReporter -->
<testsuite hostname="DESKTOP-8UNNK69" failures="0" tests="1" name="org.TestNGex1.Ex1" time="0.011" errors="0" timestamp="2022-06-15T13:33:02 IST" skipped="0">
  <testcase classname="org.TestNGex1.Ex1" name="test1" time="0.011"/>
  <system-out/>
</testsuite> <!-- org.TestNGex1.Ex1 -->
