<?xml version="1.0" encoding="UTF-8"?>
<!-- Generated by org.testng.reporters.JUnitReportReporter -->
<testsuite hostname="DESKTOP-8UNNK69" failures="0" tests="1" name="TestCases.loginCases" time="0.165" errors="0" timestamp="2022-06-29T16:30:36 IST" skipped="0">
  <testcase classname="TestCases.loginCases" name="login" time="0.165"/>
  <system-out/>
</testsuite> <!-- TestCases.loginCases -->
